Logging to logs/2025-09-18_run12_ttbar.txt


=== Processing Process ttbar ===

--- Dataset mc20_13TeV_MC_PhPy8EG_A14_ttbar_hdamp258p75_nonallhad: 190 files ---
Selected 114 files (60%)
[1/114] Processing root://eospublic.cern.ch//eos/opendata/atlas/rucio/mc20_13TeV/DAOD_PHYSLITE.37620644._000163.pool.root.1
[2/114] Processing root://eospublic.cern.ch//eos/opendata/atlas/rucio/mc20_13TeV/DAOD_PHYSLITE.37620646._000035.pool.root.1
[3/114] Processing root://eospublic.cern.ch//eos/opendata/atlas/rucio/mc20_13TeV/DAOD_PHYSLITE.37620646._000281.pool.root.1
[4/114] Processing root://eospublic.cern.ch//eos/opendata/atlas/rucio/mc20_13TeV/DAOD_PHYSLITE.37620646._000179.pool.root.1
[5/114] Processing root://eospublic.cern.ch//eos/opendata/atlas/rucio/mc20_13TeV/DAOD_PHYSLITE.37620646._000251.pool.root.1
[6/114] Processing root://eospublic.cern.ch//eos/opendata/atlas/rucio/mc20_13TeV/DAOD_PHYSLITE.37620646._000132.pool.root.1
[7/114] Processing root://eospublic.cern.ch//eos/opendata/atlas/rucio/mc20_13TeV/DAOD_PHYSLITE.37620646._000171.pool.root.1
[8/114] Processing root://eospublic.cern.ch//eos/opendata/atlas/rucio/mc20_13TeV/DAOD_PHYSLITE.37620644._000155.pool.root.1
[9/114] Processing root://eospublic.cern.ch//eos/opendata/atlas/rucio/mc20_13TeV/DAOD_PHYSLITE.37620644._000520.pool.root.1
[10/114] Processing root://eospublic.cern.ch//eos/opendata/atlas/rucio/mc20_13TeV/DAOD_PHYSLITE.37620646._000165.pool.root.1
[11/114] Processing root://eospublic.cern.ch//eos/opendata/atlas/rucio/mc20_13TeV/DAOD_PHYSLITE.37620646._000163.pool.root.1
[12/114] Processing root://eospublic.cern.ch//eos/opendata/atlas/rucio/mc20_13TeV/DAOD_PHYSLITE.37620646._000349.pool.root.1
[13/114] Processing root://eospublic.cern.ch//eos/opendata/atlas/rucio/mc20_13TeV/DAOD_PHYSLITE.37620646._000118.pool.root.1
[14/114] Processing root://eospublic.cern.ch//eos/opendata/atlas/rucio/mc20_13TeV/DAOD_PHYSLITE.37620646._000015.pool.root.1
[15/114] Processing root://eospublic.cern.ch//eos/opendata/atlas/rucio/mc20_13TeV/DAOD_PHYSLITE.37620646._000031.pool.root.1
[16/114] Processing root://eospublic.cern.ch//eos/opendata/atlas/rucio/mc20_13TeV/DAOD_PHYSLITE.37620644._000031.pool.root.1
[17/114] Processing root://eospublic.cern.ch//eos/opendata/atlas/rucio/mc20_13TeV/DAOD_PHYSLITE.37620646._000019.pool.root.1
[18/114] Processing root://eospublic.cern.ch//eos/opendata/atlas/rucio/mc20_13TeV/DAOD_PHYSLITE.37620646._000466.pool.root.1
[19/114] Processing root://eospublic.cern.ch//eos/opendata/atlas/rucio/mc20_13TeV/DAOD_PHYSLITE.37620646._000375.pool.root.1
[20/114] Processing root://eospublic.cern.ch//eos/opendata/atlas/rucio/mc20_13TeV/DAOD_PHYSLITE.37620646._000364.pool.root.1
[21/114] Processing root://eospublic.cern.ch//eos/opendata/atlas/rucio/mc20_13TeV/DAOD_PHYSLITE.37620646._000275.pool.root.1
[22/114] Processing root://eospublic.cern.ch//eos/opendata/atlas/rucio/mc20_13TeV/DAOD_PHYSLITE.37620646._000240.pool.root.1
[23/114] Processing root://eospublic.cern.ch//eos/opendata/atlas/rucio/mc20_13TeV/DAOD_PHYSLITE.37620646._000260.pool.root.1
[24/114] Processing root://eospublic.cern.ch//eos/opendata/atlas/rucio/mc20_13TeV/DAOD_PHYSLITE.37620646._000250.pool.root.1
[25/114] Processing root://eospublic.cern.ch//eos/opendata/atlas/rucio/mc20_13TeV/DAOD_PHYSLITE.37620646._000030.pool.root.1
[26/114] Processing root://eospublic.cern.ch//eos/opendata/atlas/rucio/mc20_13TeV/DAOD_PHYSLITE.37620646._000034.pool.root.1
[27/114] Processing root://eospublic.cern.ch//eos/opendata/atlas/rucio/mc20_13TeV/DAOD_PHYSLITE.37620646._000115.pool.root.1
[28/114] Processing root://eospublic.cern.ch//eos/opendata/atlas/rucio/mc20_13TeV/DAOD_PHYSLITE.37620646._000033.pool.root.1
[29/114] Processing root://eospublic.cern.ch//eos/opendata/atlas/rucio/mc20_13TeV/DAOD_PHYSLITE.37620646._000223.pool.root.1
[30/114] Processing root://eospublic.cern.ch//eos/opendata/atlas/rucio/mc20_13TeV/DAOD_PHYSLITE.37620646._000278.pool.root.1
[31/114] Processing root://eospublic.cern.ch//eos/opendata/atlas/rucio/mc20_13TeV/DAOD_PHYSLITE.37620646._000023.pool.root.1
[32/114] Processing root://eospublic.cern.ch//eos/opendata/atlas/rucio/mc20_13TeV/DAOD_PHYSLITE.37620644._000671.pool.root.1
[33/114] Processing root://eospublic.cern.ch//eos/opendata/atlas/rucio/mc20_13TeV/DAOD_PHYSLITE.37620646._000017.pool.root.1
[34/114] Processing root://eospublic.cern.ch//eos/opendata/atlas/rucio/mc20_13TeV/DAOD_PHYSLITE.37620646._000111.pool.root.1
[35/114] Processing root://eospublic.cern.ch//eos/opendata/atlas/rucio/mc20_13TeV/DAOD_PHYSLITE.37620646._000109.pool.root.1
[36/114] Processing root://eospublic.cern.ch//eos/opendata/atlas/rucio/mc20_13TeV/DAOD_PHYSLITE.37620646._000159.pool.root.1
[37/114] Processing root://eospublic.cern.ch//eos/opendata/atlas/rucio/mc20_13TeV/DAOD_PHYSLITE.37620646._000265.pool.root.1
[38/114] Processing root://eospublic.cern.ch//eos/opendata/atlas/rucio/mc20_13TeV/DAOD_PHYSLITE.37620646._000113.pool.root.1
[39/114] Processing root://eospublic.cern.ch//eos/opendata/atlas/rucio/mc20_13TeV/DAOD_PHYSLITE.37620646._000122.pool.root.1
[40/114] Processing root://eospublic.cern.ch//eos/opendata/atlas/rucio/mc20_13TeV/DAOD_PHYSLITE.37620646._000243.pool.root.1
[41/114] Processing root://eospublic.cern.ch//eos/opendata/atlas/rucio/mc20_13TeV/DAOD_PHYSLITE.37620646._000013.pool.root.1
[42/114] Processing root://eospublic.cern.ch//eos/opendata/atlas/rucio/mc20_13TeV/DAOD_PHYSLITE.37620646._000228.pool.root.1
[43/114] Processing root://eospublic.cern.ch//eos/opendata/atlas/rucio/mc20_13TeV/DAOD_PHYSLITE.37620646._000290.pool.root.1
[44/114] Processing root://eospublic.cern.ch//eos/opendata/atlas/rucio/mc20_13TeV/DAOD_PHYSLITE.37620646._000368.pool.root.1
[45/114] Processing root://eospublic.cern.ch//eos/opendata/atlas/rucio/mc20_13TeV/DAOD_PHYSLITE.37620644._000674.pool.root.1
[46/114] Processing root://eospublic.cern.ch//eos/opendata/atlas/rucio/mc20_13TeV/DAOD_PHYSLITE.37620646._000020.pool.root.1
[47/114] Processing root://eospublic.cern.ch//eos/opendata/atlas/rucio/mc20_13TeV/DAOD_PHYSLITE.37620646._000377.pool.root.1
[48/114] Processing root://eospublic.cern.ch//eos/opendata/atlas/rucio/mc20_13TeV/DAOD_PHYSLITE.37620646._000273.pool.root.1
[49/114] Processing root://eospublic.cern.ch//eos/opendata/atlas/rucio/mc20_13TeV/DAOD_PHYSLITE.37620646._000370.pool.root.1
[50/114] Processing root://eospublic.cern.ch//eos/opendata/atlas/rucio/mc20_13TeV/DAOD_PHYSLITE.37620644._000024.pool.root.1
[51/114] Processing root://eospublic.cern.ch//eos/opendata/atlas/rucio/mc20_13TeV/DAOD_PHYSLITE.37620646._000239.pool.root.1
[52/114] Processing root://eospublic.cern.ch//eos/opendata/atlas/rucio/mc20_13TeV/DAOD_PHYSLITE.37620646._000224.pool.root.1
[53/114] Processing root://eospublic.cern.ch//eos/opendata/atlas/rucio/mc20_13TeV/DAOD_PHYSLITE.37620646._000346.pool.root.1
[54/114] Processing root://eospublic.cern.ch//eos/opendata/atlas/rucio/mc20_13TeV/DAOD_PHYSLITE.37620646._000178.pool.root.1
[55/114] Processing root://eospublic.cern.ch//eos/opendata/atlas/rucio/mc20_13TeV/DAOD_PHYSLITE.37620646._000180.pool.root.1
[56/114] Processing root://eospublic.cern.ch//eos/opendata/atlas/rucio/mc20_13TeV/DAOD_PHYSLITE.37620646._000357.pool.root.1
[57/114] Processing root://eospublic.cern.ch//eos/opendata/atlas/rucio/mc20_13TeV/DAOD_PHYSLITE.37620646._000295.pool.root.1
[58/114] Processing root://eospublic.cern.ch//eos/opendata/atlas/rucio/mc20_13TeV/DAOD_PHYSLITE.37620646._000174.pool.root.1
[59/114] Processing root://eospublic.cern.ch//eos/opendata/atlas/rucio/mc20_13TeV/DAOD_PHYSLITE.37620646._000256.pool.root.1
[60/114] Processing root://eospublic.cern.ch//eos/opendata/atlas/rucio/mc20_13TeV/DAOD_PHYSLITE.37620646._000029.pool.root.1
[61/114] Processing root://eospublic.cern.ch//eos/opendata/atlas/rucio/mc20_13TeV/DAOD_PHYSLITE.37620646._000233.pool.root.1
[62/114] Processing root://eospublic.cern.ch//eos/opendata/atlas/rucio/mc20_13TeV/DAOD_PHYSLITE.37620646._000126.pool.root.1
[63/114] Processing root://eospublic.cern.ch//eos/opendata/atlas/rucio/mc20_13TeV/DAOD_PHYSLITE.37620646._000266.pool.root.1
[64/114] Processing root://eospublic.cern.ch//eos/opendata/atlas/rucio/mc20_13TeV/DAOD_PHYSLITE.37620644._000023.pool.root.1
[65/114] Processing root://eospublic.cern.ch//eos/opendata/atlas/rucio/mc20_13TeV/DAOD_PHYSLITE.37620644._000012.pool.root.1
[66/114] Processing root://eospublic.cern.ch//eos/opendata/atlas/rucio/mc20_13TeV/DAOD_PHYSLITE.37620646._000287.pool.root.1
[67/114] Processing root://eospublic.cern.ch//eos/opendata/atlas/rucio/mc20_13TeV/DAOD_PHYSLITE.37620646._000176.pool.root.1
[68/114] Processing root://eospublic.cern.ch//eos/opendata/atlas/rucio/mc20_13TeV/DAOD_PHYSLITE.37620646._000117.pool.root.1
[69/114] Processing root://eospublic.cern.ch//eos/opendata/atlas/rucio/mc20_13TeV/DAOD_PHYSLITE.37620646._000355.pool.root.1
[70/114] Processing root://eospublic.cern.ch//eos/opendata/atlas/rucio/mc20_13TeV/DAOD_PHYSLITE.37620646._000027.pool.root.1
[71/114] Processing root://eospublic.cern.ch//eos/opendata/atlas/rucio/mc20_13TeV/DAOD_PHYSLITE.37620646._000160.pool.root.1
[72/114] Processing root://eospublic.cern.ch//eos/opendata/atlas/rucio/mc20_13TeV/DAOD_PHYSLITE.37620646._000272.pool.root.1
[73/114] Processing root://eospublic.cern.ch//eos/opendata/atlas/rucio/mc20_13TeV/DAOD_PHYSLITE.37620646._000253.pool.root.1
[74/114] Processing root://eospublic.cern.ch//eos/opendata/atlas/rucio/mc20_13TeV/DAOD_PHYSLITE.37620646._000021.pool.root.1
[75/114] Processing root://eospublic.cern.ch//eos/opendata/atlas/rucio/mc20_13TeV/DAOD_PHYSLITE.37620646._000110.pool.root.1
[76/114] Processing root://eospublic.cern.ch//eos/opendata/atlas/rucio/mc20_13TeV/DAOD_PHYSLITE.37620646._000283.pool.root.1
[77/114] Processing root://eospublic.cern.ch//eos/opendata/atlas/rucio/mc20_13TeV/DAOD_PHYSLITE.37620646._000128.pool.root.1
[78/114] Processing root://eospublic.cern.ch//eos/opendata/atlas/rucio/mc20_13TeV/DAOD_PHYSLITE.37620644._000643.pool.root.1
[79/114] Processing root://eospublic.cern.ch//eos/opendata/atlas/rucio/mc20_13TeV/DAOD_PHYSLITE.37620644._000035.pool.root.1
[80/114] Processing root://eospublic.cern.ch//eos/opendata/atlas/rucio/mc20_13TeV/DAOD_PHYSLITE.37620646._000230.pool.root.1
[81/114] Processing root://eospublic.cern.ch//eos/opendata/atlas/rucio/mc20_13TeV/DAOD_PHYSLITE.37620646._000124.pool.root.1
[82/114] Processing root://eospublic.cern.ch//eos/opendata/atlas/rucio/mc20_13TeV/DAOD_PHYSLITE.37620646._000356.pool.root.1
[83/114] Processing root://eospublic.cern.ch//eos/opendata/atlas/rucio/mc20_13TeV/DAOD_PHYSLITE.37620646._000488.pool.root.1
[84/114] Processing root://eospublic.cern.ch//eos/opendata/atlas/rucio/mc20_13TeV/DAOD_PHYSLITE.37620646._000267.pool.root.1
[85/114] Processing root://eospublic.cern.ch//eos/opendata/atlas/rucio/mc20_13TeV/DAOD_PHYSLITE.37620646._000358.pool.root.1
[86/114] Processing root://eospublic.cern.ch//eos/opendata/atlas/rucio/mc20_13TeV/DAOD_PHYSLITE.37620644._000013.pool.root.1
[87/114] Processing root://eospublic.cern.ch//eos/opendata/atlas/rucio/mc20_13TeV/DAOD_PHYSLITE.37620646._000236.pool.root.1
[88/114] Processing root://eospublic.cern.ch//eos/opendata/atlas/rucio/mc20_13TeV/DAOD_PHYSLITE.37620644._000034.pool.root.1
[89/114] Processing root://eospublic.cern.ch//eos/opendata/atlas/rucio/mc20_13TeV/DAOD_PHYSLITE.37620644._000033.pool.root.1
[90/114] Processing root://eospublic.cern.ch//eos/opendata/atlas/rucio/mc20_13TeV/DAOD_PHYSLITE.37620646._000367.pool.root.1
[91/114] Processing root://eospublic.cern.ch//eos/opendata/atlas/rucio/mc20_13TeV/DAOD_PHYSLITE.37620646._000294.pool.root.1
[92/114] Processing root://eospublic.cern.ch//eos/opendata/atlas/rucio/mc20_13TeV/DAOD_PHYSLITE.37620644._000014.pool.root.1
[93/114] Processing root://eospublic.cern.ch//eos/opendata/atlas/rucio/mc20_13TeV/DAOD_PHYSLITE.37620646._000371.pool.root.1
[94/114] Processing root://eospublic.cern.ch//eos/opendata/atlas/rucio/mc20_13TeV/DAOD_PHYSLITE.37620646._000133.pool.root.1
[95/114] Processing root://eospublic.cern.ch//eos/opendata/atlas/rucio/mc20_13TeV/DAOD_PHYSLITE.37620644._000019.pool.root.1
[96/114] Processing root://eospublic.cern.ch//eos/opendata/atlas/rucio/mc20_13TeV/DAOD_PHYSLITE.37620646._000242.pool.root.1
[97/114] Processing root://eospublic.cern.ch//eos/opendata/atlas/rucio/mc20_13TeV/DAOD_PHYSLITE.37620644._000152.pool.root.1
[98/114] Processing root://eospublic.cern.ch//eos/opendata/atlas/rucio/mc20_13TeV/DAOD_PHYSLITE.37620646._000129.pool.root.1
[99/114] Processing root://eospublic.cern.ch//eos/opendata/atlas/rucio/mc20_13TeV/DAOD_PHYSLITE.37620646._000248.pool.root.1
[100/114] Processing root://eospublic.cern.ch//eos/opendata/atlas/rucio/mc20_13TeV/DAOD_PHYSLITE.37620646._000282.pool.root.1
[101/114] Processing root://eospublic.cern.ch//eos/opendata/atlas/rucio/mc20_13TeV/DAOD_PHYSLITE.37620646._000271.pool.root.1
[102/114] Processing root://eospublic.cern.ch//eos/opendata/atlas/rucio/mc20_13TeV/DAOD_PHYSLITE.37620646._000353.pool.root.1
[103/114] Processing root://eospublic.cern.ch//eos/opendata/atlas/rucio/mc20_13TeV/DAOD_PHYSLITE.37620644._000201.pool.root.1
[104/114] Processing root://eospublic.cern.ch//eos/opendata/atlas/rucio/mc20_13TeV/DAOD_PHYSLITE.37620646._000026.pool.root.1
[105/114] Processing root://eospublic.cern.ch//eos/opendata/atlas/rucio/mc20_13TeV/DAOD_PHYSLITE.37620646._000112.pool.root.1
[106/114] Processing root://eospublic.cern.ch//eos/opendata/atlas/rucio/mc20_13TeV/DAOD_PHYSLITE.37620646._000269.pool.root.1
[107/114] Processing root://eospublic.cern.ch//eos/opendata/atlas/rucio/mc20_13TeV/DAOD_PHYSLITE.37620644._000626.pool.root.1
[108/114] Processing root://eospublic.cern.ch//eos/opendata/atlas/rucio/mc20_13TeV/DAOD_PHYSLITE.37620646._000369.pool.root.1
[109/114] Processing root://eospublic.cern.ch//eos/opendata/atlas/rucio/mc20_13TeV/DAOD_PHYSLITE.37620646._000288.pool.root.1
[110/114] Processing root://eospublic.cern.ch//eos/opendata/atlas/rucio/mc20_13TeV/DAOD_PHYSLITE.37620646._000376.pool.root.1
[111/114] Processing root://eospublic.cern.ch//eos/opendata/atlas/rucio/mc20_13TeV/DAOD_PHYSLITE.37620644._000017.pool.root.1
[112/114] Processing root://eospublic.cern.ch//eos/opendata/atlas/rucio/mc20_13TeV/DAOD_PHYSLITE.37620646._000016.pool.root.1
[113/114] Processing root://eospublic.cern.ch//eos/opendata/atlas/rucio/mc20_13TeV/DAOD_PHYSLITE.37620646._000229.pool.root.1
[114/114] Processing root://eospublic.cern.ch//eos/opendata/atlas/rucio/mc20_13TeV/DAOD_PHYSLITE.37620646._000245.pool.root.1

--- Dataset mc20_13TeV_MC_PhPy8EG_A14_ttbar_hdamp258p75_allhad: 148 files ---
Selected 89 files (60%)
[1/89] Processing root://eospublic.cern.ch//eos/opendata/atlas/rucio/mc20_13TeV/DAOD_PHYSLITE.37861619._000063.pool.root.1
[2/89] Processing root://eospublic.cern.ch//eos/opendata/atlas/rucio/mc20_13TeV/DAOD_PHYSLITE.37861619._000294.pool.root.1
[3/89] Processing root://eospublic.cern.ch//eos/opendata/atlas/rucio/mc20_13TeV/DAOD_PHYSLITE.37861619._000046.pool.root.1
[4/89] Processing root://eospublic.cern.ch//eos/opendata/atlas/rucio/mc20_13TeV/DAOD_PHYSLITE.37861619._000038.pool.root.1
[5/89] Processing root://eospublic.cern.ch//eos/opendata/atlas/rucio/mc20_13TeV/DAOD_PHYSLITE.37861619._000124.pool.root.1
[6/89] Processing root://eospublic.cern.ch//eos/opendata/atlas/rucio/mc20_13TeV/DAOD_PHYSLITE.37861619._000032.pool.root.1
[7/89] Processing root://eospublic.cern.ch//eos/opendata/atlas/rucio/mc20_13TeV/DAOD_PHYSLITE.37861619._000018.pool.root.1
[8/89] Processing root://eospublic.cern.ch//eos/opendata/atlas/rucio/mc20_13TeV/DAOD_PHYSLITE.37861619._000210.pool.root.1
[9/89] Processing root://eospublic.cern.ch//eos/opendata/atlas/rucio/mc20_13TeV/DAOD_PHYSLITE.37861619._000067.pool.root.1
[10/89] Processing root://eospublic.cern.ch//eos/opendata/atlas/rucio/mc20_13TeV/DAOD_PHYSLITE.37861619._000120.pool.root.1
[11/89] Processing root://eospublic.cern.ch//eos/opendata/atlas/rucio/mc20_13TeV/DAOD_PHYSLITE.37861619._000252.pool.root.1
[12/89] Processing root://eospublic.cern.ch//eos/opendata/atlas/rucio/mc20_13TeV/DAOD_PHYSLITE.37861619._000246.pool.root.1
[13/89] Processing root://eospublic.cern.ch//eos/opendata/atlas/rucio/mc20_13TeV/DAOD_PHYSLITE.37861619._000039.pool.root.1
[14/89] Processing root://eospublic.cern.ch//eos/opendata/atlas/rucio/mc20_13TeV/DAOD_PHYSLITE.37861619._000056.pool.root.1
[15/89] Processing root://eospublic.cern.ch//eos/opendata/atlas/rucio/mc20_13TeV/DAOD_PHYSLITE.37861619._000263.pool.root.1
[16/89] Processing root://eospublic.cern.ch//eos/opendata/atlas/rucio/mc20_13TeV/DAOD_PHYSLITE.37861619._000082.pool.root.1
[17/89] Processing root://eospublic.cern.ch//eos/opendata/atlas/rucio/mc20_13TeV/DAOD_PHYSLITE.37861619._000057.pool.root.1
[18/89] Processing root://eospublic.cern.ch//eos/opendata/atlas/rucio/mc20_13TeV/DAOD_PHYSLITE.37861619._000199.pool.root.1
[19/89] Processing root://eospublic.cern.ch//eos/opendata/atlas/rucio/mc20_13TeV/DAOD_PHYSLITE.37861619._000126.pool.root.1
[20/89] Processing root://eospublic.cern.ch//eos/opendata/atlas/rucio/mc20_13TeV/DAOD_PHYSLITE.37861619._000156.pool.root.1
[21/89] Processing root://eospublic.cern.ch//eos/opendata/atlas/rucio/mc20_13TeV/DAOD_PHYSLITE.37861619._000158.pool.root.1
[22/89] Processing root://eospublic.cern.ch//eos/opendata/atlas/rucio/mc20_13TeV/DAOD_PHYSLITE.37861619._000069.pool.root.1
[23/89] Processing root://eospublic.cern.ch//eos/opendata/atlas/rucio/mc20_13TeV/DAOD_PHYSLITE.37861619._000234.pool.root.1
[24/89] Processing root://eospublic.cern.ch//eos/opendata/atlas/rucio/mc20_13TeV/DAOD_PHYSLITE.37861619._000145.pool.root.1
[25/89] Processing root://eospublic.cern.ch//eos/opendata/atlas/rucio/mc20_13TeV/DAOD_PHYSLITE.37861619._000004.pool.root.1
[26/89] Processing root://eospublic.cern.ch//eos/opendata/atlas/rucio/mc20_13TeV/DAOD_PHYSLITE.37861619._000033.pool.root.1
[27/89] Processing root://eospublic.cern.ch//eos/opendata/atlas/rucio/mc20_13TeV/DAOD_PHYSLITE.37861619._000030.pool.root.1
[28/89] Processing root://eospublic.cern.ch//eos/opendata/atlas/rucio/mc20_13TeV/DAOD_PHYSLITE.37861619._000114.pool.root.1
[29/89] Processing root://eospublic.cern.ch//eos/opendata/atlas/rucio/mc20_13TeV/DAOD_PHYSLITE.37861619._000016.pool.root.1
[30/89] Processing root://eospublic.cern.ch//eos/opendata/atlas/rucio/mc20_13TeV/DAOD_PHYSLITE.37861619._000087.pool.root.1
[31/89] Processing root://eospublic.cern.ch//eos/opendata/atlas/rucio/mc20_13TeV/DAOD_PHYSLITE.37861619._000141.pool.root.1
[32/89] Processing root://eospublic.cern.ch//eos/opendata/atlas/rucio/mc20_13TeV/DAOD_PHYSLITE.37861619._000021.pool.root.1
[33/89] Processing root://eospublic.cern.ch//eos/opendata/atlas/rucio/mc20_13TeV/DAOD_PHYSLITE.37861619._000121.pool.root.1
[34/89] Processing root://eospublic.cern.ch//eos/opendata/atlas/rucio/mc20_13TeV/DAOD_PHYSLITE.37861619._000036.pool.root.1
[35/89] Processing root://eospublic.cern.ch//eos/opendata/atlas/rucio/mc20_13TeV/DAOD_PHYSLITE.37861619._000008.pool.root.1
[36/89] Processing root://eospublic.cern.ch//eos/opendata/atlas/rucio/mc20_13TeV/DAOD_PHYSLITE.37861619._000010.pool.root.1
[37/89] Processing root://eospublic.cern.ch//eos/opendata/atlas/rucio/mc20_13TeV/DAOD_PHYSLITE.37861619._000055.pool.root.1
[38/89] Processing root://eospublic.cern.ch//eos/opendata/atlas/rucio/mc20_13TeV/DAOD_PHYSLITE.37861619._000147.pool.root.1
[39/89] Processing root://eospublic.cern.ch//eos/opendata/atlas/rucio/mc20_13TeV/DAOD_PHYSLITE.37861619._000001.pool.root.1
[40/89] Processing root://eospublic.cern.ch//eos/opendata/atlas/rucio/mc20_13TeV/DAOD_PHYSLITE.37861619._000095.pool.root.1
[41/89] Processing root://eospublic.cern.ch//eos/opendata/atlas/rucio/mc20_13TeV/DAOD_PHYSLITE.37861619._000091.pool.root.1
[42/89] Processing root://eospublic.cern.ch//eos/opendata/atlas/rucio/mc20_13TeV/DAOD_PHYSLITE.37861619._000138.pool.root.1
[43/89] Processing root://eospublic.cern.ch//eos/opendata/atlas/rucio/mc20_13TeV/DAOD_PHYSLITE.37861619._000109.pool.root.1
[44/89] Processing root://eospublic.cern.ch//eos/opendata/atlas/rucio/mc20_13TeV/DAOD_PHYSLITE.37861619._000007.pool.root.1
[45/89] Processing root://eospublic.cern.ch//eos/opendata/atlas/rucio/mc20_13TeV/DAOD_PHYSLITE.37861619._000132.pool.root.1
[46/89] Processing root://eospublic.cern.ch//eos/opendata/atlas/rucio/mc20_13TeV/DAOD_PHYSLITE.37861619._000073.pool.root.1
[47/89] Processing root://eospublic.cern.ch//eos/opendata/atlas/rucio/mc20_13TeV/DAOD_PHYSLITE.37861619._000142.pool.root.1
[48/89] Processing root://eospublic.cern.ch//eos/opendata/atlas/rucio/mc20_13TeV/DAOD_PHYSLITE.37861619._000023.pool.root.1
[49/89] Processing root://eospublic.cern.ch//eos/opendata/atlas/rucio/mc20_13TeV/DAOD_PHYSLITE.37861619._000093.pool.root.1
[50/89] Processing root://eospublic.cern.ch//eos/opendata/atlas/rucio/mc20_13TeV/DAOD_PHYSLITE.37861619._000153.pool.root.1
[51/89] Processing root://eospublic.cern.ch//eos/opendata/atlas/rucio/mc20_13TeV/DAOD_PHYSLITE.37861619._000248.pool.root.1
[52/89] Processing root://eospublic.cern.ch//eos/opendata/atlas/rucio/mc20_13TeV/DAOD_PHYSLITE.37861619._000305.pool.root.1
[53/89] Processing root://eospublic.cern.ch//eos/opendata/atlas/rucio/mc20_13TeV/DAOD_PHYSLITE.37861619._000040.pool.root.1
[54/89] Processing root://eospublic.cern.ch//eos/opendata/atlas/rucio/mc20_13TeV/DAOD_PHYSLITE.37861619._000009.pool.root.1
[55/89] Processing root://eospublic.cern.ch//eos/opendata/atlas/rucio/mc20_13TeV/DAOD_PHYSLITE.37861619._000235.pool.root.1
[56/89] Processing root://eospublic.cern.ch//eos/opendata/atlas/rucio/mc20_13TeV/DAOD_PHYSLITE.37861619._000090.pool.root.1
[57/89] Processing root://eospublic.cern.ch//eos/opendata/atlas/rucio/mc20_13TeV/DAOD_PHYSLITE.37861619._000283.pool.root.1
[58/89] Processing root://eospublic.cern.ch//eos/opendata/atlas/rucio/mc20_13TeV/DAOD_PHYSLITE.37861619._000048.pool.root.1
[59/89] Processing root://eospublic.cern.ch//eos/opendata/atlas/rucio/mc20_13TeV/DAOD_PHYSLITE.37861619._000065.pool.root.1
[60/89] Processing root://eospublic.cern.ch//eos/opendata/atlas/rucio/mc20_13TeV/DAOD_PHYSLITE.37861619._000043.pool.root.1
[61/89] Processing root://eospublic.cern.ch//eos/opendata/atlas/rucio/mc20_13TeV/DAOD_PHYSLITE.37861619._000025.pool.root.1
[62/89] Processing root://eospublic.cern.ch//eos/opendata/atlas/rucio/mc20_13TeV/DAOD_PHYSLITE.37861619._000044.pool.root.1
[63/89] Processing root://eospublic.cern.ch//eos/opendata/atlas/rucio/mc20_13TeV/DAOD_PHYSLITE.37861619._000274.pool.root.1
[64/89] Processing root://eospublic.cern.ch//eos/opendata/atlas/rucio/mc20_13TeV/DAOD_PHYSLITE.37861619._000028.pool.root.1
[65/89] Processing root://eospublic.cern.ch//eos/opendata/atlas/rucio/mc20_13TeV/DAOD_PHYSLITE.37861619._000276.pool.root.1
[66/89] Processing root://eospublic.cern.ch//eos/opendata/atlas/rucio/mc20_13TeV/DAOD_PHYSLITE.37861619._000078.pool.root.1
[67/89] Processing root://eospublic.cern.ch//eos/opendata/atlas/rucio/mc20_13TeV/DAOD_PHYSLITE.37861619._000026.pool.root.1
[68/89] Processing root://eospublic.cern.ch//eos/opendata/atlas/rucio/mc20_13TeV/DAOD_PHYSLITE.37861619._000280.pool.root.1
[69/89] Processing root://eospublic.cern.ch//eos/opendata/atlas/rucio/mc20_13TeV/DAOD_PHYSLITE.37861619._000068.pool.root.1
[70/89] Processing root://eospublic.cern.ch//eos/opendata/atlas/rucio/mc20_13TeV/DAOD_PHYSLITE.37861619._000288.pool.root.1
[71/89] Processing root://eospublic.cern.ch//eos/opendata/atlas/rucio/mc20_13TeV/DAOD_PHYSLITE.37861619._000203.pool.root.1
[72/89] Processing root://eospublic.cern.ch//eos/opendata/atlas/rucio/mc20_13TeV/DAOD_PHYSLITE.37861619._000258.pool.root.1
[73/89] Processing root://eospublic.cern.ch//eos/opendata/atlas/rucio/mc20_13TeV/DAOD_PHYSLITE.37861619._000099.pool.root.1
[74/89] Processing root://eospublic.cern.ch//eos/opendata/atlas/rucio/mc20_13TeV/DAOD_PHYSLITE.37861619._000123.pool.root.1
[75/89] Processing root://eospublic.cern.ch//eos/opendata/atlas/rucio/mc20_13TeV/DAOD_PHYSLITE.37861619._000019.pool.root.1
[76/89] Processing root://eospublic.cern.ch//eos/opendata/atlas/rucio/mc20_13TeV/DAOD_PHYSLITE.37861619._000003.pool.root.1
[77/89] Processing root://eospublic.cern.ch//eos/opendata/atlas/rucio/mc20_13TeV/DAOD_PHYSLITE.37861619._000265.pool.root.1
[78/89] Processing root://eospublic.cern.ch//eos/opendata/atlas/rucio/mc20_13TeV/DAOD_PHYSLITE.37861619._000096.pool.root.1
[79/89] Processing root://eospublic.cern.ch//eos/opendata/atlas/rucio/mc20_13TeV/DAOD_PHYSLITE.37861619._000020.pool.root.1
[80/89] Processing root://eospublic.cern.ch//eos/opendata/atlas/rucio/mc20_13TeV/DAOD_PHYSLITE.37861619._000278.pool.root.1
[81/89] Processing root://eospublic.cern.ch//eos/opendata/atlas/rucio/mc20_13TeV/DAOD_PHYSLITE.37861619._000024.pool.root.1
[82/89] Processing root://eospublic.cern.ch//eos/opendata/atlas/rucio/mc20_13TeV/DAOD_PHYSLITE.37861619._000209.pool.root.1
[83/89] Processing root://eospublic.cern.ch//eos/opendata/atlas/rucio/mc20_13TeV/DAOD_PHYSLITE.37861619._000072.pool.root.1
[84/89] Processing root://eospublic.cern.ch//eos/opendata/atlas/rucio/mc20_13TeV/DAOD_PHYSLITE.37861619._000060.pool.root.1
[85/89] Processing root://eospublic.cern.ch//eos/opendata/atlas/rucio/mc20_13TeV/DAOD_PHYSLITE.37861619._000134.pool.root.1
[86/89] Processing root://eospublic.cern.ch//eos/opendata/atlas/rucio/mc20_13TeV/DAOD_PHYSLITE.37861619._000049.pool.root.1
[87/89] Processing root://eospublic.cern.ch//eos/opendata/atlas/rucio/mc20_13TeV/DAOD_PHYSLITE.37861619._000118.pool.root.1
[88/89] Processing root://eospublic.cern.ch//eos/opendata/atlas/rucio/mc20_13TeV/DAOD_PHYSLITE.37861619._000089.pool.root.1
[89/89] Processing root://eospublic.cern.ch//eos/opendata/atlas/rucio/mc20_13TeV/DAOD_PHYSLITE.37861619._000108.pool.root.1

✅ Finished processing ttbar. Results saved in Dataset_ver2/MC/processed/ttbar/
